# JRE version: OpenJDK Runtime Environment (17.0.1+12) (build 17.0.1+12-39)
# Java VM: OpenJDK 64-Bit Server VM (17.0.1+12-39, mixed mode, sharing, tiered, compressed oops, compressed class ptrs, g1 gc, windows-amd64)
GC Precious Log:
 CPUs: 8 total, 8 available
 Memory: 16235M
 Large Page Support: Disabled
 NUMA Support: Disabled
 Compressed Oops: Enabled (32-bit)
 Heap Region Size: 1M
 Heap Min Capacity: 256M
 Heap Initial Capacity: 256M
 Heap Max Capacity: 512M
 Pre-touch: Disabled
 Parallel Workers: 8
 Concurrent Workers: 2
 Concurrent Refinement Workers: 8
 Periodic GC: Disabled
Heap:
 garbage-first heap   total 262144K, used 202387K [0x00000000e0000000, 0x0000000100000000)
  region size 1024K, 81 young (82944K), 6 survivors (6144K)
 Metaspace       used 119005K, committed 119744K, reserved 319488K
  class space    used 15687K, committed 16064K, reserved 212992K
GC Heap History (20 events):
Event: 29.344 GC heap before
{Heap before GC invocations=13 (full 0):
 garbage-first heap   total 262144K, used 207673K [0x00000000e0000000, 0x0000000100000000)
  region size 1024K, 135 young (138240K), 18 survivors (18432K)
 Metaspace       used 71502K, committed 72256K, reserved 278528K
  class space    used 9827K, committed 10176K, reserved 212992K
}
Event: 29.358 GC heap after
{Heap after GC invocations=14 (full 0):
 garbage-first heap   total 262144K, used 97524K [0x00000000e0000000, 0x0000000100000000)
  region size 1024K, 10 young (10240K), 10 survivors (10240K)
 Metaspace       used 71502K, committed 72256K, reserved 278528K
  class space    used 9827K, committed 10176K, reserved 212992K
}
Event: 30.398 GC heap before
{Heap before GC invocations=14 (full 0):
 garbage-first heap   total 262144K, used 209140K [0x00000000e0000000, 0x0000000100000000)
  region size 1024K, 119 young (121856K), 10 survivors (10240K)
 Metaspace       used 71922K, committed 72576K, reserved 278528K
  class space    used 9829K, committed 10176K, reserved 212992K
}
Event: 30.407 GC heap after
{Heap after GC invocations=15 (full 0):
 garbage-first heap   total 262144K, used 104994K [0x00000000e0000000, 0x0000000100000000)
  region size 1024K, 8 young (8192K), 8 survivors (8192K)
 Metaspace       used 71922K, committed 72576K, reserved 278528K
  class space    used 9829K, committed 10176K, reserved 212992K
}
Event: 31.623 GC heap before
{Heap before GC invocations=15 (full 0):
 garbage-first heap   total 262144K, used 209442K [0x00000000e0000000, 0x0000000100000000)
  region size 1024K, 111 young (113664K), 8 survivors (8192K)
 Metaspace       used 72813K, committed 73536K, reserved 278528K
  class space    used 9900K, committed 10240K, reserved 212992K
}
Event: 31.632 GC heap after
{Heap after GC invocations=16 (full 0):
 garbage-first heap   total 262144K, used 114393K [0x00000000e0000000, 0x0000000100000000)
  region size 1024K, 14 young (14336K), 14 survivors (14336K)
 Metaspace       used 72813K, committed 73536K, reserved 278528K
  class space    used 9900K, committed 10240K, reserved 212992K
}
Event: 32.535 GC heap before
{Heap before GC invocations=16 (full 0):
 garbage-first heap   total 262144K, used 210649K [0x00000000e0000000, 0x0000000100000000)
  region size 1024K, 109 young (111616K), 14 survivors (14336K)
 Metaspace       used 76039K, committed 76800K, reserved 286720K
  class space    used 10332K, committed 10688K, reserved 212992K
}
Event: 32.558 GC heap after
{Heap after GC invocations=17 (full 0):
 garbage-first heap   total 262144K, used 122141K [0x00000000e0000000, 0x0000000100000000)
  region size 1024K, 9 young (9216K), 9 survivors (9216K)
 Metaspace       used 76039K, committed 76800K, reserved 286720K
  class space    used 10332K, committed 10688K, reserved 212992K
}
Event: 4422.265 GC heap before
{Heap before GC invocations=17 (full 0):
 garbage-first heap   total 262144K, used 211229K [0x00000000e0000000, 0x0000000100000000)
  region size 1024K, 97 young (99328K), 9 survivors (9216K)
 Metaspace       used 76430K, committed 77184K, reserved 286720K
  class space    used 10335K, committed 10688K, reserved 212992K
}
Event: 4422.293 GC heap after
{Heap after GC invocations=18 (full 0):
 garbage-first heap   total 262144K, used 123563K [0x00000000e0000000, 0x0000000100000000)
  region size 1024K, 2 young (2048K), 2 survivors (2048K)
 Metaspace       used 76430K, committed 77184K, reserved 286720K
  class space    used 10335K, committed 10688K, reserved 212992K
}
Event: 6749.735 GC heap before
{Heap before GC invocations=18 (full 0):
 garbage-first heap   total 262144K, used 215723K [0x00000000e0000000, 0x0000000100000000)
  region size 1024K, 93 young (95232K), 2 survivors (2048K)
 Metaspace       used 82857K, committed 83648K, reserved 286720K
  class space    used 11613K, committed 11968K, reserved 212992K
}
Event: 6749.743 GC heap after
{Heap after GC invocations=19 (full 0):
 garbage-first heap   total 262144K, used 124420K [0x00000000e0000000, 0x0000000100000000)
  region size 1024K, 3 young (3072K), 3 survivors (3072K)
 Metaspace       used 82857K, committed 83648K, reserved 286720K
  class space    used 11613K, committed 11968K, reserved 212992K
}
Event: 6751.498 GC heap before
{Heap before GC invocations=20 (full 0):
 garbage-first heap   total 262144K, used 223748K [0x00000000e0000000, 0x0000000100000000)
  region size 1024K, 95 young (97280K), 3 survivors (3072K)
 Metaspace       used 90185K, committed 90880K, reserved 294912K
  class space    used 12469K, committed 12800K, reserved 212992K
}
Event: 6751.515 GC heap after
{Heap after GC invocations=21 (full 0):
 garbage-first heap   total 262144K, used 128318K [0x00000000e0000000, 0x0000000100000000)
  region size 1024K, 12 young (12288K), 12 survivors (12288K)
 Metaspace       used 90185K, committed 90880K, reserved 294912K
  class space    used 12469K, committed 12800K, reserved 212992K
}
Event: 6751.527 GC heap before
{Heap before GC invocations=21 (full 0):
 garbage-first heap   total 262144K, used 129342K [0x00000000e0000000, 0x0000000100000000)
  region size 1024K, 13 young (13312K), 12 survivors (12288K)
 Metaspace       used 90320K, committed 91008K, reserved 294912K
  class space    used 12489K, committed 12800K, reserved 212992K
}
Event: 6751.537 GC heap after
{Heap after GC invocations=22 (full 0):
 garbage-first heap   total 262144K, used 109383K [0x00000000e0000000, 0x0000000100000000)
  region size 1024K, 2 young (2048K), 2 survivors (2048K)
 Metaspace       used 90320K, committed 91008K, reserved 294912K
  class space    used 12489K, committed 12800K, reserved 212992K
}
Event: 6752.717 GC heap before
{Heap before GC invocations=22 (full 0):
 garbage-first heap   total 262144K, used 216903K [0x00000000e0000000, 0x0000000100000000)
  region size 1024K, 101 young (103424K), 2 survivors (2048K)
 Metaspace       used 102692K, committed 103360K, reserved 303104K
  class space    used 13817K, committed 14144K, reserved 212992K
}
Event: 6752.723 GC heap after
{Heap after GC invocations=23 (full 0):
 garbage-first heap   total 262144K, used 121339K [0x00000000e0000000, 0x0000000100000000)
  region size 1024K, 8 young (8192K), 8 survivors (8192K)
 Metaspace       used 102692K, committed 103360K, reserved 303104K
  class space    used 13817K, committed 14144K, reserved 212992K
}
Event: 6753.488 GC heap before
{Heap before GC invocations=23 (full 0):
 garbage-first heap   total 262144K, used 212475K [0x00000000e0000000, 0x0000000100000000)
  region size 1024K, 96 young (98304K), 8 survivors (8192K)
 Metaspace       used 109299K, committed 109952K, reserved 311296K
  class space    used 14593K, committed 14912K, reserved 212992K
}
Event: 6753.498 GC heap after
{Heap after GC invocations=24 (full 0):
 garbage-first heap   total 262144K, used 126611K [0x00000000e0000000, 0x0000000100000000)
  region size 1024K, 6 young (6144K), 6 survivors (6144K)
 Metaspace       used 109299K, committed 109952K, reserved 311296K
  class space    used 14593K, committed 14912K, reserved 212992K
}

